Added Component: Designator=LCD1(LCD20X4A)
Added Member To Class: ClassName=Sheet1 Member=Component BT1 PIN 3V
Added Member To Class: ClassName=Sheet1 Member=Component C1 10uF
Added Member To Class: ClassName=Sheet1 Member=Component C2 10uF
Added Member To Class: ClassName=Sheet1 Member=Component IC1 16F877A
Added Member To Class: ClassName=Sheet1 Member=Component IC2 DS1307
Added Member To Class: ClassName=Sheet1 Member=Component JDC1 Jac DC
Added Member To Class: ClassName=Sheet1 Member=Component LCD1 LCD 20x4A
Added Member To Class: ClassName=Sheet1 Member=Component LED1 LED
Added Member To Class: ClassName=Sheet1 Member=Component LS1 SPEAKER
Added Member To Class: ClassName=Sheet1 Member=Component P1 Header 5
Added Member To Class: ClassName=Sheet1 Member=Component P2 Header 8
Added Member To Class: ClassName=Sheet1 Member=Component P3 Header 9
Added Member To Class: ClassName=Sheet1 Member=Component P4 Header 10
Added Member To Class: ClassName=Sheet1 Member=Component P5 Header 6
Added Member To Class: ClassName=Sheet1 Member=Component P6 Header 16
Added Member To Class: ClassName=Sheet1 Member=Component P7 Header 8
Added Member To Class: ClassName=Sheet1 Member=Component R1 1k
Added Member To Class: ClassName=Sheet1 Member=Component R2 1k
Added Member To Class: ClassName=Sheet1 Member=Component SW1 SW
Added Member To Class: ClassName=Sheet1 Member=Component VR1 10K
Added Member To Class: ClassName=Sheet1 Member=Component X1 32,768 Khz
Added Member To Class: ClassName=Sheet1 Member=Component Y1 20MHz
Added Room: Name=Sheet1
