Added Component: Designator=BT1(PIN3V)
Added Component: Designator=C1(CP1/2)
Added Component: Designator=C2(CP1/2)
Added Component: Designator=IC1(DIP40/W0.6)
Added Component: Designator=JDC1(DC-IN)
Added Component: Designator=LS1(speaker)
Added Component: Designator=P1(Header 5)
Added Component: Designator=P2(HDR1X8)
Added Component: Designator=P3(Header 9)
Added Component: Designator=P4(HDR1X10)
Added Component: Designator=P5(Header 6)
Added Component: Designator=P6(Header 16)
Added Component: Designator=P7(Header 8)
Added Component: Designator=R1(SM-RES-1206)
Added Component: Designator=SW1(SW2)
Added Component: Designator=U1(SOIC8)
Added Component: Designator=X1(XT32k)
Added Component: Designator=Y1(XTAL)
Added Pin To Net: NetName=A0 Pin=IC1-2
Added Pin To Net: NetName=A0 Pin=P3-9
Added Pin To Net: NetName=A0 Pin=P6-15
Added Net: Name=A0
Added Pin To Net: NetName=B0 Pin=IC1-33
Added Pin To Net: NetName=B0 Pin=P2-8
Added Pin To Net: NetName=B0 Pin=P7-1
Added Net: Name=B0
Added Pin To Net: NetName=B1 Pin=IC1-34
Added Pin To Net: NetName=B1 Pin=P2-7
Added Pin To Net: NetName=B1 Pin=P7-2
Added Net: Name=B1
Added Pin To Net: NetName=B2 Pin=IC1-35
Added Pin To Net: NetName=B2 Pin=P2-6
Added Pin To Net: NetName=B2 Pin=P7-3
Added Net: Name=B2
Added Pin To Net: NetName=B3 Pin=IC1-36
Added Pin To Net: NetName=B3 Pin=P2-5
Added Pin To Net: NetName=B3 Pin=P7-4
Added Net: Name=B3
Added Pin To Net: NetName=B4 Pin=IC1-37
Added Pin To Net: NetName=B4 Pin=P2-4
Added Pin To Net: NetName=B4 Pin=P7-5
Added Net: Name=B4
Added Pin To Net: NetName=B5 Pin=IC1-38
Added Pin To Net: NetName=B5 Pin=P2-3
Added Pin To Net: NetName=B5 Pin=P7-6
Added Net: Name=B5
Added Pin To Net: NetName=B6 Pin=IC1-39
Added Pin To Net: NetName=B6 Pin=P1-5
Added Pin To Net: NetName=B6 Pin=P2-2
Added Pin To Net: NetName=B6 Pin=P7-7
Added Net: Name=B6
Added Pin To Net: NetName=B7 Pin=IC1-40
Added Pin To Net: NetName=B7 Pin=P1-4
Added Pin To Net: NetName=B7 Pin=P2-1
Added Pin To Net: NetName=B7 Pin=P7-8
Added Net: Name=B7
Added Pin To Net: NetName=C0 Pin=IC1-15
Added Pin To Net: NetName=C0 Pin=LS1-1
Added Pin To Net: NetName=C0 Pin=P5-6
Added Net: Name=C0
Added Pin To Net: NetName=C3 Pin=U1-6
Added Net: Name=C3
Added Pin To Net: NetName=C4 Pin=IC1-23
Added Pin To Net: NetName=C4 Pin=P4-8
Added Pin To Net: NetName=C4 Pin=U1-5
Added Net: Name=C4
Added Pin To Net: NetName=D0 Pin=P6-7
Added Net: Name=D0
Added Pin To Net: NetName=D1 Pin=P6-8
Added Net: Name=D1
Added Pin To Net: NetName=D2 Pin=IC1-21
Added Pin To Net: NetName=D2 Pin=P4-10
Added Pin To Net: NetName=D2 Pin=P6-9
Added Net: Name=D2
Added Pin To Net: NetName=D3 Pin=IC1-22
Added Pin To Net: NetName=D3 Pin=P4-9
Added Pin To Net: NetName=D3 Pin=P6-10
Added Net: Name=D3
Added Pin To Net: NetName=D4 Pin=IC1-27
Added Pin To Net: NetName=D4 Pin=P4-4
Added Pin To Net: NetName=D4 Pin=P6-11
Added Net: Name=D4
Added Pin To Net: NetName=D5 Pin=IC1-28
Added Pin To Net: NetName=D5 Pin=P4-3
Added Pin To Net: NetName=D5 Pin=P6-12
Added Net: Name=D5
Added Pin To Net: NetName=D6 Pin=IC1-29
Added Pin To Net: NetName=D6 Pin=P4-2
Added Pin To Net: NetName=D6 Pin=P6-13
Added Net: Name=D6
Added Pin To Net: NetName=D7 Pin=IC1-30
Added Pin To Net: NetName=D7 Pin=P4-1
Added Pin To Net: NetName=D7 Pin=P6-14
Added Net: Name=D7
Added Pin To Net: NetName=E0 Pin=IC1-8
Added Pin To Net: NetName=E0 Pin=P3-3
Added Pin To Net: NetName=E0 Pin=P6-4
Added Net: Name=E0
Added Pin To Net: NetName=E1 Pin=IC1-9
Added Pin To Net: NetName=E1 Pin=P3-2
Added Pin To Net: NetName=E1 Pin=P6-5
Added Net: Name=E1
Added Pin To Net: NetName=E2 Pin=IC1-10
Added Pin To Net: NetName=E2 Pin=P3-1
Added Pin To Net: NetName=E2 Pin=P6-6
Added Net: Name=E2
Added Pin To Net: NetName=GND Pin=BT1-2
Added Pin To Net: NetName=GND Pin=C1-1
Added Pin To Net: NetName=GND Pin=C2-1
Added Pin To Net: NetName=GND Pin=IC1-12
Added Pin To Net: NetName=GND Pin=IC1-31
Added Pin To Net: NetName=GND Pin=JDC1-2
Added Pin To Net: NetName=GND Pin=LS1-2
Added Pin To Net: NetName=GND Pin=P1-3
Added Pin To Net: NetName=GND Pin=P6-1
Added Pin To Net: NetName=GND Pin=P6-16
Added Pin To Net: NetName=GND Pin=SW1-1
Added Pin To Net: NetName=GND Pin=U1-4
Added Net: Name=GND
Added Pin To Net: NetName=Netbien tro1_2 Pin=P6-3
Added Net: Name=Netbien tro1_2
Added Pin To Net: NetName=NetBT1_1 Pin=BT1-1
Added Pin To Net: NetName=NetBT1_1 Pin=U1-3
Added Net: Name=NetBT1_1
Added Pin To Net: NetName=NetC1_2 Pin=C1-2
Added Pin To Net: NetName=NetC1_2 Pin=IC1-13
Added Pin To Net: NetName=NetC1_2 Pin=Y1-2
Added Net: Name=NetC1_2
Added Pin To Net: NetName=NetC2_2 Pin=C2-2
Added Pin To Net: NetName=NetC2_2 Pin=IC1-14
Added Pin To Net: NetName=NetC2_2 Pin=Y1-1
Added Net: Name=NetC2_2
Added Pin To Net: NetName=NetIC1_3 Pin=IC1-3
Added Pin To Net: NetName=NetIC1_3 Pin=P3-8
Added Net: Name=NetIC1_3
Added Pin To Net: NetName=NetIC1_4 Pin=IC1-4
Added Pin To Net: NetName=NetIC1_4 Pin=P3-7
Added Net: Name=NetIC1_4
Added Pin To Net: NetName=NetIC1_5 Pin=IC1-5
Added Pin To Net: NetName=NetIC1_5 Pin=P3-6
Added Net: Name=NetIC1_5
Added Pin To Net: NetName=NetIC1_6 Pin=IC1-6
Added Pin To Net: NetName=NetIC1_6 Pin=P3-5
Added Net: Name=NetIC1_6
Added Pin To Net: NetName=NetIC1_7 Pin=IC1-7
Added Pin To Net: NetName=NetIC1_7 Pin=P3-4
Added Net: Name=NetIC1_7
Added Pin To Net: NetName=NetIC1_16 Pin=IC1-16
Added Pin To Net: NetName=NetIC1_16 Pin=P5-5
Added Net: Name=NetIC1_16
Added Pin To Net: NetName=NetIC1_17 Pin=IC1-17
Added Pin To Net: NetName=NetIC1_17 Pin=P5-4
Added Net: Name=NetIC1_17
Added Pin To Net: NetName=NetIC1_18 Pin=IC1-18
Added Pin To Net: NetName=NetIC1_18 Pin=P5-3
Added Net: Name=NetIC1_18
Added Pin To Net: NetName=NetIC1_19 Pin=IC1-19
Added Pin To Net: NetName=NetIC1_19 Pin=P5-2
Added Net: Name=NetIC1_19
Added Pin To Net: NetName=NetIC1_20 Pin=IC1-20
Added Pin To Net: NetName=NetIC1_20 Pin=P5-1
Added Net: Name=NetIC1_20
Added Pin To Net: NetName=NetIC1_24 Pin=IC1-24
Added Pin To Net: NetName=NetIC1_24 Pin=P4-7
Added Net: Name=NetIC1_24
Added Pin To Net: NetName=NetIC1_25 Pin=IC1-25
Added Pin To Net: NetName=NetIC1_25 Pin=P4-6
Added Net: Name=NetIC1_25
Added Pin To Net: NetName=NetIC1_26 Pin=IC1-26
Added Pin To Net: NetName=NetIC1_26 Pin=P4-5
Added Net: Name=NetIC1_26
Added Pin To Net: NetName=NetU1_1 Pin=U1-1
Added Pin To Net: NetName=NetU1_1 Pin=X1-2
Added Net: Name=NetU1_1
Added Pin To Net: NetName=NetU1_2 Pin=U1-2
Added Pin To Net: NetName=NetU1_2 Pin=X1-1
Added Net: Name=NetU1_2
Added Pin To Net: NetName=RST Pin=IC1-1
Added Pin To Net: NetName=RST Pin=P1-1
Added Pin To Net: NetName=RST Pin=R1-1
Added Pin To Net: NetName=RST Pin=SW1-2
Added Net: Name=RST
Added Pin To Net: NetName=VCC Pin=IC1-11
Added Pin To Net: NetName=VCC Pin=IC1-32
Added Pin To Net: NetName=VCC Pin=JDC1-1
Added Pin To Net: NetName=VCC Pin=P1-2
Added Pin To Net: NetName=VCC Pin=P6-2
Added Pin To Net: NetName=VCC Pin=R1-2
Added Pin To Net: NetName=VCC Pin=U1-8
Added Net: Name=VCC
Added Class: Name=Sheet1
Added Room: Name=Sheet1
