Removed Pin From Net: NetName=A0 Pin=IC1-2
Removed Pin From Net: NetName=NetIC1_16 Pin=IC1-16
Removed Pin From Net: NetName=RC3 Pin=IC1-18
Removed Pin From Net: NetName=C4 Pin=IC2-5
Removed Pin From Net: NetName=C3 Pin=IC2-6
Removed Pin From Net: NetName=GND Pin=IC3-4
Removed Pin From Net: NetName=RC3 Pin=IC3-6
Removed Pin From Net: NetName=VCC Pin=IC3-8
Removed Pin From Net: NetName=A0 Pin=P3-9
Removed Pin From Net: NetName=RC3 Pin=P5-3
Removed Pin From Net: NetName=NetIC1_16 Pin=P5-5
Removed Pin From Net: NetName=A0 Pin=P6-15
Removed Member From Class: ClassName=Sheet1 Member=IC3
Added Pin To Net: NetName=A0 Pin=C2-2
Added Pin To Net: NetName=C3 Pin=IC1-2
Added Pin To Net: NetName=A0 Pin=IC1-14
Added Pin To Net: NetName=RC3 Pin=IC1-16
Added Pin To Net: NetName=NetIC1_16 Pin=IC1-18
Added Pin To Net: NetName=NetIC1_17 Pin=IC2-5
Added Pin To Net: NetName=RC3 Pin=IC2-6
Added Pin To Net: NetName=C3 Pin=P3-9
Added Pin To Net: NetName=NetIC1_16 Pin=P5-3
Added Pin To Net: NetName=RC3 Pin=P5-5
Added Pin To Net: NetName=C4 Pin=P6-15
Added Pin To Net: NetName=A0 Pin=Y1-1
Change Net Name : Old Net Name=A0 New Net Name=OSC2
Change Net Name : Old Net Name=C3 New Net Name=NetIC1_2
Change Net Name : Old Net Name=NetC1_2 New Net Name=OSC1
Change Net Name : Old Net Name=NetIC1_16 New Net Name=NetIC1_18
Change Net Name : Old Net Name=NetIC1_17 New Net Name=C2
Change Net Name : Old Net Name=RC3 New Net Name=C1
